<?xml version="1.0" encoding="UTF-8"?>
<testng-results ignored="0" total="1" passed="1" failed="0" skipped="0">
  <reporter-output>
  </reporter-output>
  <suite started-at="2023-07-05T09:32:35 IST" name="Default suite" finished-at="2023-07-05T09:32:52 IST" duration-ms="17598">
    <groups>
    </groups>
    <test started-at="2023-07-05T09:32:35 IST" name="Default test" finished-at="2023-07-05T09:32:52 IST" duration-ms="17598">
      <class name="V_tiger.TC_03_Test">
        <test-method is-config="true" signature="LaunchingTheBrowser()[pri:0, instance:V_tiger.TC_03_Test@7fee8714]" started-at="2023-07-05T09:32:35 IST" name="LaunchingTheBrowser" finished-at="2023-07-05T09:32:40 IST" duration-ms="5164" status="PASS">
          <reporter-output>
          </reporter-output>
        </test-method> <!-- LaunchingTheBrowser -->
        <test-method is-config="true" signature="navigateToApplication()[pri:0, instance:V_tiger.TC_03_Test@7fee8714]" started-at="2023-07-05T09:32:40 IST" name="navigateToApplication" finished-at="2023-07-05T09:32:40 IST" duration-ms="19" status="PASS">
          <reporter-output>
          </reporter-output>
        </test-method> <!-- navigateToApplication -->
        <test-method signature="createContact()[pri:0, instance:V_tiger.TC_03_Test@7fee8714]" started-at="2023-07-05T09:32:40 IST" name="createContact" finished-at="2023-07-05T09:32:51 IST" duration-ms="10890" status="PASS">
          <reporter-output>
          </reporter-output>
        </test-method> <!-- createContact -->
        <test-method is-config="true" signature="tearDownTheBrowser()[pri:0, instance:V_tiger.TC_03_Test@7fee8714]" started-at="2023-07-05T09:32:51 IST" name="tearDownTheBrowser" finished-at="2023-07-05T09:32:52 IST" duration-ms="1495" status="PASS">
          <reporter-output>
          </reporter-output>
        </test-method> <!-- tearDownTheBrowser -->
        <test-method is-config="true" signature="loggingOut()[pri:0, instance:V_tiger.TC_03_Test@7fee8714]" started-at="2023-07-05T09:32:51 IST" name="loggingOut" finished-at="2023-07-05T09:32:51 IST" duration-ms="0" status="PASS">
          <reporter-output>
          </reporter-output>
        </test-method> <!-- loggingOut -->
      </class> <!-- V_tiger.TC_03_Test -->
    </test> <!-- Default test -->
  </suite> <!-- Default suite -->
</testng-results>
